Unity Editor version:    2020.3.19f1c2 (94354a08ed9f)
Branch:                  2020.3/china_unity/release
Build type:              Release
Batch mode:              YES
macOS version:           Version 10.15.7 (Build 19H1519)
Darwin version:          19.6.0
Architecture:            x86_64
Running under Rosetta:   NO
Available memory:        8192 MB
Using pre-set license
Pro License: NO

COMMAND LINE ARGUMENTS:
/Applications/2020.3.19f1c2/Unity.app/Contents/MacOS/Unity
-adb2
-batchMode
-noUpm
-name
AssetImportWorker0
-projectPath
/Users/jiangyueqiu/Documents/文稿 - Jiangyue’s MacBook Pro/unity_projects/Mixin/_迷信_
-logFile
Logs/AssetImportWorker0.log
-srvPort
64819
Successfully changed project path to: /Users/jiangyueqiu/Documents/文稿 - Jiangyue’s MacBook Pro/unity_projects/Mixin/_迷信_
/Users/jiangyueqiu/Documents/文稿 - Jiangyue’s MacBook Pro/unity_projects/Mixin/_迷信_
Using Asset Import Pipeline V2.
AS: AutoStreaming module initializing.Refreshing native plugins compatible for Editor in 414.43 ms, found 2 plugins.
Preloading 0 native plugins for Editor in 0.00 ms.
Initialize engine version: 2020.3.19f1c2 (94354a08ed9f)
[Subsystems] Discovering subsystems at path /Applications/2020.3.19f1c2/Unity.app/Contents/Resources/UnitySubsystems
[Subsystems] Discovering subsystems at path /Users/jiangyueqiu/Documents/文稿 - Jiangyue’s MacBook Pro/unity_projects/Mixin/_迷信_/Assets
GfxDevice: creating device client; threaded=0
2022-02-27 22:00:06.787 Unity[29528:1219072] Color LCD preferred device: Intel(R) Iris(TM) Plus Graphics 640 (low power)
2022-02-27 22:00:06.787 Unity[29528:1219072] Metal devices available: 1
2022-02-27 22:00:06.787 Unity[29528:1219072] 0: Intel(R) Iris(TM) Plus Graphics 640 (low power)
2022-02-27 22:00:06.787 Unity[29528:1219072] Using device Intel(R) Iris(TM) Plus Graphics 640 (low power)
Initializing Metal device caps: Intel(R) Iris(TM) Plus Graphics 640
Initialize mono
Mono path[0] = '/Applications/2020.3.19f1c2/Unity.app/Contents/Managed'
Mono path[1] = '/Applications/2020.3.19f1c2/Unity.app/Contents/MonoBleedingEdge/lib/mono/unityjit'
Mono config path = '/Applications/2020.3.19f1c2/Unity.app/Contents/MonoBleedingEdge/etc'
Using monoOptions --debugger-agent=transport=dt_socket,embedding=1,server=y,suspend=n,address=127.0.0.1:56528
Begin MonoManager ReloadAssembly
Registering precompiled unity dll's ...
Register platform support module: /Applications/2020.3.19f1c2/Unity.app/Contents/PlaybackEngines/MacStandaloneSupport/UnityEditor.OSXStandalone.Extensions.dll
Registered in 0.006648 seconds.
Native extension for OSXStandalone target not found
Refreshing native plugins compatible for Editor in 144.44 ms, found 2 plugins.
Preloading 0 native plugins for Editor in 0.00 ms.
Mono: successfully reloaded assembly
- Completed reload, in  4.718 seconds
Domain Reload Profiling:
	ReloadAssembly (4719ms)
		BeginReloadAssembly (64ms)
			ExecutionOrderSort (0ms)
			DisableScriptedObjects (0ms)
			BackupInstance (0ms)
			ReleaseScriptingObjects (0ms)
			CreateAndSetChildDomain (1ms)
		EndReloadAssembly (1501ms)
			LoadAssemblies (64ms)
			RebuildTransferFunctionScriptingTraits (0ms)
			SetupTypeCache (874ms)
			ReleaseScriptCaches (0ms)
			RebuildScriptCaches (68ms)
			SetupLoadedEditorAssemblies (460ms)
				LogAssemblyErrors (0ms)
				InitializePlatformSupportModulesInManaged (8ms)
				SetLoadedEditorAssemblies (0ms)
				RefreshPlugins (144ms)
				BeforeProcessingInitializeOnLoad (12ms)
				ProcessInitializeOnLoadAttributes (218ms)
				ProcessInitializeOnLoadMethodAttributes (76ms)
				AfterProcessingInitializeOnLoad (0ms)
				EditorAssembliesLoaded (0ms)
			ExecutionOrderSort2 (0ms)
			AwakeInstancesAfterBackupRestoration (0ms)
Platform modules already initialized, skipping
Registering precompiled user dll's ...
Registered in 0.008473 seconds.
Begin MonoManager ReloadAssembly
Native extension for OSXStandalone target not found
Refreshing native plugins compatible for Editor in 238.76 ms, found 2 plugins.
Preloading 0 native plugins for Editor in 0.00 ms.
Mono: successfully reloaded assembly
- Completed reload, in  4.682 seconds
Domain Reload Profiling:
	ReloadAssembly (4683ms)
		BeginReloadAssembly (494ms)
			ExecutionOrderSort (0ms)
			DisableScriptedObjects (11ms)
			BackupInstance (0ms)
			ReleaseScriptingObjects (0ms)
			CreateAndSetChildDomain (85ms)
		EndReloadAssembly (4054ms)
			LoadAssemblies (699ms)
			RebuildTransferFunctionScriptingTraits (0ms)
			SetupTypeCache (1802ms)
			ReleaseScriptCaches (23ms)
			RebuildScriptCaches (241ms)
			SetupLoadedEditorAssemblies (1061ms)
				LogAssemblyErrors (0ms)
				InitializePlatformSupportModulesInManaged (6ms)
				SetLoadedEditorAssemblies (0ms)
				RefreshPlugins (239ms)
				BeforeProcessingInitializeOnLoad (261ms)
				ProcessInitializeOnLoadAttributes (470ms)
				ProcessInitializeOnLoadMethodAttributes (82ms)
				AfterProcessingInitializeOnLoad (2ms)
				EditorAssembliesLoaded (0ms)
			ExecutionOrderSort2 (0ms)
			AwakeInstancesAfterBackupRestoration (8ms)
Platform modules already initialized, skipping
Validating Project structure ... 0.054764 seconds.

LICENSE SYSTEM [2022227 22:0:20] Next license update check is after 2022-02-28T12:41:16

Shader import version has changed; will reimport all shaders...
Upgrading shader files ...0.078261 seconds.
Application.AssetDatabase Initial Script Refresh Start
RefreshInfo: InitialScriptRefreshV2(NoUpdateAssetOptions) scanfilter:  ... 1 filters
RefreshProfiler: Total: 0.000ms
Application.AssetDatabase Initial Script Refresh End
Application.AssetDatabase.Refresh Start
Application.AssetDatabase.Refresh End
RefreshInfo: StopAssetImportingV2(ForceSynchronousImport) scanfilter: 
RefreshProfiler: Total: 0.000ms
Launching external process: /Applications/2020.3.19f1c2/Unity.app/Contents/Tools/UnityShaderCompiler
Launched and connected shader compiler UnityShaderCompiler after 0.03 seconds
Initializing Unity extensions:
========================================================================
Worker process is ready to serve import requests
Refreshing native plugins compatible for Editor in 1.24 ms, found 2 plugins.
Preloading 0 native plugins for Editor in 0.00 ms.
Unloading 4607 Unused Serialized files (Serialized files now loaded: 0)
System memory in use before: 307.5 MB.
System memory in use after: 306.2 MB.

Unloading 566 unused Assets to reduce memory usage. Loaded Objects now: 5039.
Total: 9.028366 ms (FindLiveObjects: 0.536100 ms CreateObjectMapping: 0.265614 ms MarkObjects: 7.272676 ms  DeleteObjects: 0.952249 ms)

AssetImportParameters requested are different than current active one (requested -> active):
  custom:video-decoder-ogg-theora: a1e56fd34408186e4bbccfd4996cb3dc -> 
  custom:container-muxer-webm: aa71ff27fc2769a1b78a27578f13a17b -> 
  custom:container-demuxer-webm: 4f35f7cbe854078d1ac9338744f61a02 -> 
  custom:container-demuxer-ogg: 62fdf1f143b41e24485cea50d1cbac27 -> 
  custom:video-encoder-webm-vp8: eb34c28f22e8b96e1ab97ce403110664 -> 
  custom:framework-osx-AVFoundation: b23960f63f64bdc6ff669e2cdcee2391 -> 
  custom:video-decoder-webm-vp8: 9c59270c3fd7afecdb556c50c9e8de78 -> 
  custom:audio-decoder-ogg-vorbis: bf7c407c2cedff20999df2af8eb42d56 -> 
  custom:audio-encoder-webm-vorbis: bf7c407c2cedff20999df2af8eb42d56 -> 
========================================================================
Received Import Request.
  path: Assets/Plugins/Pixel Crushers/Common/Documentation/Save_System_Manual.pdf
  artifactKey: Guid(078b161b9252e2a49ae78f3274016e9a) Importer(815301076,1909f56bfc062723c751e8b465ee728b)
Start importing Assets/Plugins/Pixel Crushers/Common/Documentation/Save_System_Manual.pdf using Guid(078b161b9252e2a49ae78f3274016e9a) Importer(815301076,1909f56bfc062723c751e8b465ee728b)  -> (artifact id: '7ad0f63d8040b7530a49ce0571d7d443') in 2.710908 seconds 
  Import took 2.731001 seconds .

========================================================================
Received Import Request.
  Time since last request: 553.135265 seconds.
  path: Assets/Plugins/Pixel Crushers/Common/Scripts/Save System
  artifactKey: Guid(5f358206c0af6824da262a21ca264ebc) Importer(815301076,1909f56bfc062723c751e8b465ee728b)
Start importing Assets/Plugins/Pixel Crushers/Common/Scripts/Save System using Guid(5f358206c0af6824da262a21ca264ebc) Importer(815301076,1909f56bfc062723c751e8b465ee728b)  -> (artifact id: '148d96a2692dc02c0203b2c1ba79db75') in 0.006466 seconds 
  Import took 0.072317 seconds .

========================================================================
Received Import Request.
  Time since last request: 80.853782 seconds.
  path: Assets/Plugins/Pixel Crushers/Common/Scripts/Save System/Savers
  artifactKey: Guid(a4d281f747c061348ab7b414394cb8e5) Importer(815301076,1909f56bfc062723c751e8b465ee728b)
Start importing Assets/Plugins/Pixel Crushers/Common/Scripts/Save System/Savers using Guid(a4d281f747c061348ab7b414394cb8e5) Importer(815301076,1909f56bfc062723c751e8b465ee728b)  -> (artifact id: '3814a8e5a804bceadca5ea134e18144e') in 0.002501 seconds 
  Import took 0.022597 seconds .

========================================================================
Received Import Request.
  Time since last request: 9.294028 seconds.
  path: Assets/Plugins/Pixel Crushers/Common/Scripts/Save System/Misc
  artifactKey: Guid(2ed6011e19752ec48ba9231435b8dbc3) Importer(815301076,1909f56bfc062723c751e8b465ee728b)
Start importing Assets/Plugins/Pixel Crushers/Common/Scripts/Save System/Misc using Guid(2ed6011e19752ec48ba9231435b8dbc3) Importer(815301076,1909f56bfc062723c751e8b465ee728b)  -> (artifact id: 'c5edc1013a58358634488839d0e42d96') in 0.003233 seconds 
  Import took 0.024100 seconds .

========================================================================
Received Import Request.
  Time since last request: 722.807540 seconds.
  path: Assets/Scripts/Inventory/InventoryEvents.cs
  artifactKey: Guid(59f6f085793dd4d8d85d9966251458e8) Importer(815301076,1909f56bfc062723c751e8b465ee728b)
Start importing Assets/Scripts/Inventory/InventoryEvents.cs using Guid(59f6f085793dd4d8d85d9966251458e8) Importer(815301076,1909f56bfc062723c751e8b465ee728b)  -> (artifact id: '76c437ab078a7c1b6c9fe5008f310261') in 0.424269 seconds 
  Import took 0.501817 seconds .

========================================================================
Received Prepare
Registering precompiled user dll's ...
Registered in 0.003589 seconds.
Begin MonoManager ReloadAssembly
Native extension for OSXStandalone target not found
Refreshing native plugins compatible for Editor in 1.36 ms, found 2 plugins.
Preloading 0 native plugins for Editor in 0.00 ms.
Mono: successfully reloaded assembly
- Completed reload, in  1.845 seconds
Domain Reload Profiling:
	ReloadAssembly (1848ms)
		BeginReloadAssembly (247ms)
			ExecutionOrderSort (0ms)
			DisableScriptedObjects (16ms)
			BackupInstance (0ms)
			ReleaseScriptingObjects (0ms)
			CreateAndSetChildDomain (151ms)
		EndReloadAssembly (1519ms)
			LoadAssemblies (172ms)
			RebuildTransferFunctionScriptingTraits (0ms)
			SetupTypeCache (508ms)
			ReleaseScriptCaches (1ms)
			RebuildScriptCaches (70ms)
			SetupLoadedEditorAssemblies (497ms)
				LogAssemblyErrors (0ms)
				InitializePlatformSupportModulesInManaged (6ms)
				SetLoadedEditorAssemblies (1ms)
				RefreshPlugins (1ms)
				BeforeProcessingInitializeOnLoad (154ms)
				ProcessInitializeOnLoadAttributes (283ms)
				ProcessInitializeOnLoadMethodAttributes (50ms)
				AfterProcessingInitializeOnLoad (1ms)
				EditorAssembliesLoaded (0ms)
			ExecutionOrderSort2 (0ms)
			AwakeInstancesAfterBackupRestoration (14ms)
Platform modules already initialized, skipping
Refreshing native plugins compatible for Editor in 1.32 ms, found 2 plugins.
Preloading 0 native plugins for Editor in 0.00 ms.
Unloading 4437 Unused Serialized files (Serialized files now loaded: 0)
System memory in use before: 301.8 MB.
System memory in use after: 302.0 MB.

Unloading 49 unused Assets to reduce memory usage. Loaded Objects now: 5053.
Total: 8.656299 ms (FindLiveObjects: 0.555274 ms CreateObjectMapping: 0.288259 ms MarkObjects: 7.745639 ms  DeleteObjects: 0.065782 ms)

AssetImportParameters requested are different than current active one (requested -> active):
  custom:video-decoder-ogg-theora: a1e56fd34408186e4bbccfd4996cb3dc -> 
  custom:container-muxer-webm: aa71ff27fc2769a1b78a27578f13a17b -> 
  custom:container-demuxer-webm: 4f35f7cbe854078d1ac9338744f61a02 -> 
  custom:container-demuxer-ogg: 62fdf1f143b41e24485cea50d1cbac27 -> 
  custom:video-encoder-webm-vp8: eb34c28f22e8b96e1ab97ce403110664 -> 
  custom:framework-osx-AVFoundation: b23960f63f64bdc6ff669e2cdcee2391 -> 
  custom:video-decoder-webm-vp8: 9c59270c3fd7afecdb556c50c9e8de78 -> 
  custom:audio-decoder-ogg-vorbis: bf7c407c2cedff20999df2af8eb42d56 -> 
  custom:audio-encoder-webm-vorbis: bf7c407c2cedff20999df2af8eb42d56 -> 
========================================================================
Received Import Request.
  Time since last request: 417.309937 seconds.
  path: Assets/Prefabs/saveSlot.prefab
  artifactKey: Guid(cff733a6f8eab45999f5f8a3cce619fe) Importer(815301076,1909f56bfc062723c751e8b465ee728b)
Start importing Assets/Prefabs/saveSlot.prefab using Guid(cff733a6f8eab45999f5f8a3cce619fe) Importer(815301076,1909f56bfc062723c751e8b465ee728b)  -> (artifact id: '9211c8f224b000e188544f6cc9e42d47') in 0.430908 seconds 
  Import took 0.458794 seconds .

========================================================================
Received Import Request.
  Time since last request: 9.030872 seconds.
  path: Assets/Prefabs/pfSaveSlot.prefab
  artifactKey: Guid(cff733a6f8eab45999f5f8a3cce619fe) Importer(815301076,1909f56bfc062723c751e8b465ee728b)
Start importing Assets/Prefabs/pfSaveSlot.prefab using Guid(cff733a6f8eab45999f5f8a3cce619fe) Importer(815301076,1909f56bfc062723c751e8b465ee728b)  -> (artifact id: 'a1d3e0d032aea637fbe9bcd6aa8421cc') in 0.010552 seconds 
  Import took 0.023219 seconds .

========================================================================
Received Import Request.
  Time since last request: 315.112253 seconds.
  path: Assets/Plugins/Pixel Crushers/Common/Scripts/Editor/Save System/PlayerPrefsSavedGameDataStorerEditor.cs
  artifactKey: Guid(8cc97891a12eee040b4c022e25300313) Importer(815301076,1909f56bfc062723c751e8b465ee728b)
Start importing Assets/Plugins/Pixel Crushers/Common/Scripts/Editor/Save System/PlayerPrefsSavedGameDataStorerEditor.cs using Guid(8cc97891a12eee040b4c022e25300313) Importer(815301076,1909f56bfc062723c751e8b465ee728b)  -> (artifact id: 'fee0c37b1f64b7fd117e4b8ef9190b88') in 0.017155 seconds 
  Import took 0.048600 seconds .

========================================================================
Received Import Request.
  Time since last request: 1.781714 seconds.
  path: Assets/Plugins/Pixel Crushers/Common/Scripts/Editor/Save System/SaveSystemEditorUtility.cs
  artifactKey: Guid(0ce6b1d9bfb10c54da02aa4554949b41) Importer(815301076,1909f56bfc062723c751e8b465ee728b)
Start importing Assets/Plugins/Pixel Crushers/Common/Scripts/Editor/Save System/SaveSystemEditorUtility.cs using Guid(0ce6b1d9bfb10c54da02aa4554949b41) Importer(815301076,1909f56bfc062723c751e8b465ee728b)  -> (artifact id: 'c17ad0f5ea063bf721af13c0d6fa025f') in 0.002926 seconds 
  Import took 0.021935 seconds .

========================================================================
Received Import Request.
  Time since last request: 0.877877 seconds.
  path: Assets/Plugins/Pixel Crushers/Common/Scripts/Editor/Save System/DiskSavedGameDataStorerEditor.cs
  artifactKey: Guid(36511bad05c9fcc488213c99dbd8a3c5) Importer(815301076,1909f56bfc062723c751e8b465ee728b)
Start importing Assets/Plugins/Pixel Crushers/Common/Scripts/Editor/Save System/DiskSavedGameDataStorerEditor.cs using Guid(36511bad05c9fcc488213c99dbd8a3c5) Importer(815301076,1909f56bfc062723c751e8b465ee728b)  -> (artifact id: '8d0d002b3c2bbc45462ea6d8526e2534') in 0.002372 seconds 
  Import took 0.017396 seconds .

========================================================================
Received Prepare
Registering precompiled user dll's ...
Registered in 0.004432 seconds.
Begin MonoManager ReloadAssembly
Native extension for OSXStandalone target not found
Refreshing native plugins compatible for Editor in 1.41 ms, found 2 plugins.
Preloading 0 native plugins for Editor in 0.00 ms.
Mono: successfully reloaded assembly
- Completed reload, in  1.658 seconds
Domain Reload Profiling:
	ReloadAssembly (1658ms)
		BeginReloadAssembly (187ms)
			ExecutionOrderSort (0ms)
			DisableScriptedObjects (7ms)
			BackupInstance (0ms)
			ReleaseScriptingObjects (0ms)
			CreateAndSetChildDomain (104ms)
		EndReloadAssembly (1390ms)
			LoadAssemblies (95ms)
			RebuildTransferFunctionScriptingTraits (0ms)
			SetupTypeCache (483ms)
			ReleaseScriptCaches (2ms)
			RebuildScriptCaches (67ms)
			SetupLoadedEditorAssemblies (484ms)
				LogAssemblyErrors (0ms)
				InitializePlatformSupportModulesInManaged (5ms)
				SetLoadedEditorAssemblies (1ms)
				RefreshPlugins (1ms)
				BeforeProcessingInitializeOnLoad (145ms)
				ProcessInitializeOnLoadAttributes (277ms)
				ProcessInitializeOnLoadMethodAttributes (54ms)
				AfterProcessingInitializeOnLoad (2ms)
				EditorAssembliesLoaded (0ms)
			ExecutionOrderSort2 (0ms)
			AwakeInstancesAfterBackupRestoration (21ms)
Platform modules already initialized, skipping
Refreshing native plugins compatible for Editor in 1.77 ms, found 2 plugins.
Preloading 0 native plugins for Editor in 0.00 ms.
Unloading 4437 Unused Serialized files (Serialized files now loaded: 0)
System memory in use before: 307.2 MB.
System memory in use after: 307.4 MB.

Unloading 49 unused Assets to reduce memory usage. Loaded Objects now: 5068.
Total: 7.526953 ms (FindLiveObjects: 0.416716 ms CreateObjectMapping: 0.231383 ms MarkObjects: 6.840775 ms  DeleteObjects: 0.037000 ms)

AssetImportParameters requested are different than current active one (requested -> active):
  custom:video-decoder-ogg-theora: a1e56fd34408186e4bbccfd4996cb3dc -> 
  custom:container-muxer-webm: aa71ff27fc2769a1b78a27578f13a17b -> 
  custom:container-demuxer-webm: 4f35f7cbe854078d1ac9338744f61a02 -> 
  custom:container-demuxer-ogg: 62fdf1f143b41e24485cea50d1cbac27 -> 
  custom:video-encoder-webm-vp8: eb34c28f22e8b96e1ab97ce403110664 -> 
  custom:framework-osx-AVFoundation: b23960f63f64bdc6ff669e2cdcee2391 -> 
  custom:video-decoder-webm-vp8: 9c59270c3fd7afecdb556c50c9e8de78 -> 
  custom:audio-decoder-ogg-vorbis: bf7c407c2cedff20999df2af8eb42d56 -> 
  custom:audio-encoder-webm-vorbis: bf7c407c2cedff20999df2af8eb42d56 -> 
